<?xml version="1.0" encoding="UTF-8"?>
<!-- Generated by org.testng.reporters.JUnitReportReporter -->
<testsuite skipped="0" hostname="DESKTOP-3S1RO7F" name="test.GoogleSearchPageTestusingtestng" tests="2" failures="0" timestamp="13 Feb 2021 07:28:40 GMT" time="5.035" errors="0">
  <testcase name="titleTest" time="1.553" classname="test.GoogleSearchPageTestusingtestng"/>
  <testcase name="scrolldownTest" time="3.482" classname="test.GoogleSearchPageTestusingtestng"/>
</testsuite> <!-- test.GoogleSearchPageTestusingtestng -->
